
   INFO  Server running on [http://0.0.0.0:8000].  

  Press Ctrl+C to stop the server

  2025-08-11 14:06:53 /login ..................................... ~ 500.35ms
  2025-08-11 14:06:54 /build/assets/app-HqbtkKA9.css ............. ~ 500.37ms
  2025-08-11 14:06:54 /build/assets/login-ym3gFLih.js ............ ~ 500.68ms
  2025-08-11 14:06:54 /build/assets/app-BI5U44id.js .............. ~ 501.00ms
  2025-08-11 14:06:54 /build/assets/label-DaCOvYC4.js ............ ~ 501.31ms
  2025-08-11 14:06:54 /build/assets/text-link-D4dxTEat.js ........ ~ 501.56ms
  2025-08-11 14:06:54 /build/assets/app-logo-icon-BTT_CVoL.js .... ~ 501.74ms
  2025-08-11 14:06:55 /build/assets/index-EqmXnzIr.js .............. ~ 0.06ms
  2025-08-11 14:06:55 /build/assets/index-D1AZekuB.js .............. ~ 1.61ms
  2025-08-11 14:06:55 /build/assets/login-ym3gFLih.js .............. ~ 1.90ms
  2025-08-11 14:06:55 /build/assets/auth-layout-BmCCpopn.js ........ ~ 0.66ms
  2025-08-11 14:06:55 /build/assets/label-DaCOvYC4.js .............. ~ 0.24ms
  2025-08-11 14:06:55 /build/assets/app-BI5U44id.js ................ ~ 1.13ms
  2025-08-11 14:06:55 /build/assets/text-link-D4dxTEat.js .......... ~ 1.47ms
  2025-08-11 14:06:55 /build/assets/app-logo-icon-BTT_CVoL.js ...... ~ 2.14ms
  2025-08-11 14:06:55 /build/assets/app-HqbtkKA9.css ............... ~ 2.34ms
  2025-08-11 14:06:55 /favicon.svg ................................. ~ 0.15ms
  2025-08-11 14:06:55 /favicon.ico ................................. ~ 0.04ms
  2025-08-11 14:22:00 /login ....................................... ~ 2.65ms
  2025-08-11 14:22:01 /build/assets/app-B-bcC63G.css ............... ~ 0.27ms
  2025-08-11 14:22:01 /build/assets/app-DnBggjF4.js ................ ~ 3.89ms
  2025-08-11 14:22:01 /build/assets/login-BQk6J3ra.js .............. ~ 4.41ms
  2025-08-11 14:22:01 /build/assets/label-YtuuS6du.js .............. ~ 4.70ms
  2025-08-11 14:22:01 /build/assets/text-link-BgbCz3yV.js .......... ~ 4.98ms
  2025-08-11 14:22:01 /build/assets/theme-toggle-CZcvgrUt.js ....... ~ 7.42ms
  2025-08-11 14:22:01 /build/assets/auth-layout-CwRXPwgw.js ............ ~ 1s
  2025-08-11 14:22:02 /build/assets/app-B-bcC63G.css ............... ~ 4.33ms
  2025-08-11 14:22:03 /favicon.svg ................................. ~ 0.25ms
  2025-08-11 14:22:03 /build/assets/fa-solid-900-BQpGBb1f.woff2 .... ~ 1.11ms
  2025-08-11 14:22:03 /favicon.ico ............................... ~ 500.40ms
  2025-08-11 14:22:14 /theme/update ................................ ~ 0.20ms
  2025-08-11 14:22:37 /theme/update .............................. ~ 500.50ms
  2025-08-11 14:22:40 /theme/update ................................ ~ 0.22ms
  2025-08-11 14:22:43 /theme/update ................................ ~ 0.13ms
  2025-08-11 14:23:02 /theme/update ................................ ~ 0.44ms
  2025-08-11 14:23:19 /login ....................................... ~ 0.41ms
  2025-08-11 14:23:19 /build/assets/login-CUw2AYn3.js ............ ~ 500.60ms
  2025-08-11 14:23:19 /build/assets/app-B-bcC63G.css ............. ~ 500.96ms
  2025-08-11 14:23:19 /build/assets/app-DUM5soLR.js .............. ~ 501.27ms
  2025-08-11 14:23:19 /build/assets/label-DUo_rS0S.js ............ ~ 501.58ms
  2025-08-11 14:23:19 /build/assets/text-link-eHcxRDjY.js ........ ~ 501.85ms
  2025-08-11 14:23:19 /build/assets/use-theme-DivUgmRc.js ........ ~ 502.04ms
  2025-08-11 14:23:19 /build/assets/auth-layout-03mBCE1W.js ........ ~ 0.05ms
  2025-08-11 14:23:19 /build/assets/app-B-bcC63G.css ............... ~ 0.03ms
  2025-08-11 14:23:20 /build/assets/fa-solid-900-BQpGBb1f.woff2 .... ~ 0.53ms
  2025-08-11 14:23:20 /favicon.svg ................................. ~ 0.14ms
  2025-08-11 14:23:20 /favicon.ico ................................. ~ 0.20ms
  2025-08-11 14:23:22 /theme/update ................................ ~ 0.20ms
  2025-08-11 14:24:08 /theme/update ................................ ~ 0.14ms
  2025-08-11 14:28:12 /login ....................................... ~ 0.13ms
  2025-08-11 14:28:13 /build/assets/app-B-bcC63G.css ............... ~ 0.08ms
  2025-08-11 14:28:13 /build/assets/app-DUM5soLR.js ................ ~ 0.79ms
  2025-08-11 14:28:13 /build/assets/login-CUw2AYn3.js .............. ~ 1.15ms
  2025-08-11 14:28:13 /build/assets/label-DUo_rS0S.js .............. ~ 1.42ms
  2025-08-11 14:28:13 /build/assets/text-link-eHcxRDjY.js .......... ~ 1.74ms
  2025-08-11 14:28:13 /build/assets/use-theme-DivUgmRc.js .......... ~ 1.98ms
  2025-08-11 14:28:13 /build/assets/auth-layout-03mBCE1W.js ........ ~ 0.15ms
  2025-08-11 14:28:13 /build/assets/app-B-bcC63G.css ............... ~ 0.05ms
  2025-08-11 14:28:13 /build/assets/fa-solid-900-BQpGBb1f.woff2 .... ~ 0.45ms
  2025-08-11 14:28:13 /favicon.svg ................................. ~ 0.07ms
  2025-08-11 14:28:14 /favicon.ico ................................. ~ 0.13ms
  2025-08-11 14:28:17 /theme/update .............................. ~ 500.79ms
  2025-08-11 14:28:17 /login ....................................... ~ 0.03ms
  2025-08-11 14:28:18 /theme/update ................................ ~ 0.12ms
  2025-08-11 14:28:18 /login ....................................... ~ 0.06ms
  2025-08-11 14:28:19 /login ........................................... ~ 1s
  2025-08-11 14:28:29 /login ..................................... ~ 500.37ms
  2025-08-11 14:28:29 /build/assets/app-B-bcC63G.css ............... ~ 0.09ms
  2025-08-11 14:28:29 /build/assets/app-oyCljiEZ.js ................ ~ 0.47ms
  2025-08-11 14:28:29 /build/assets/login-DRBtIL6x.js .............. ~ 1.58ms
  2025-08-11 14:28:29 /build/assets/label-BZbX2hcG.js .............. ~ 2.14ms
  2025-08-11 14:28:29 /build/assets/text-link-C6bE4xWh.js .......... ~ 2.51ms
  2025-08-11 14:28:29 /build/assets/use-theme-B7rg8lH5.js ........ ~ 503.15ms
  2025-08-11 14:28:30 /build/assets/auth-layout-CuGvAxKm.js ...... ~ 501.63ms
  2025-08-11 14:28:30 /build/assets/app-B-bcC63G.css ............... ~ 1.73ms
  2025-08-11 14:28:30 /build/assets/fa-solid-900-BQpGBb1f.woff2 .... ~ 0.32ms
  2025-08-11 14:28:30 /favicon.svg ............................... ~ 500.51ms
  2025-08-11 14:28:30 /favicon.ico ................................. ~ 0.04ms
  2025-08-11 14:28:37 /theme/update .............................. ~ 500.36ms
  2025-08-11 14:28:37 /login ....................................... ~ 0.04ms
  2025-08-11 14:28:38 /theme/update ................................ ~ 0.18ms
  2025-08-11 14:28:38 /login ....................................... ~ 0.10ms
  2025-08-11 14:28:42 /theme/update ................................ ~ 0.58ms
  2025-08-11 14:28:42 /login ..................................... ~ 500.63ms
  2025-08-11 14:28:44 /theme/update ................................ ~ 0.12ms
  2025-08-11 14:28:44 /login ....................................... ~ 0.11ms
  2025-08-11 14:29:26 /theme/update .............................. ~ 500.45ms
  2025-08-11 14:29:26 /login ....................................... ~ 0.08ms
  2025-08-11 14:29:28 /theme/update ................................ ~ 0.14ms
  2025-08-11 14:29:28 /login ..................................... ~ 500.42ms
  2025-08-11 14:29:30 /theme/update ................................ ~ 0.17ms
  2025-08-11 14:29:30 /login ....................................... ~ 0.23ms
  91.196.152.104:42273 Invalid request (Unsupported SSL request)
  2025-08-11 14:33:34 .................................................. ~ 3s
  2025-08-11 14:33:42 / ................................................ ~ 5s
  2025-08-11 14:37:31 /login ..................................... ~ 500.38ms
  2025-08-11 14:37:31 /build/assets/app-B-bcC63G.css ............... ~ 0.08ms
  2025-08-11 14:37:31 /build/assets/login-DRBtIL6x.js .............. ~ 0.41ms
  2025-08-11 14:37:31 /build/assets/app-oyCljiEZ.js ................ ~ 0.72ms
  2025-08-11 14:37:31 /build/assets/label-BZbX2hcG.js .............. ~ 1.03ms
  2025-08-11 14:37:31 /build/assets/text-link-C6bE4xWh.js .......... ~ 1.33ms
  2025-08-11 14:37:31 /build/assets/use-theme-B7rg8lH5.js .......... ~ 1.57ms
  2025-08-11 14:37:32 /build/assets/auth-layout-CuGvAxKm.js ........ ~ 0.40ms
  2025-08-11 14:37:32 /build/assets/app-B-bcC63G.css ............... ~ 1.02ms
  2025-08-11 14:37:32 /build/assets/fa-solid-900-BQpGBb1f.woff2 .... ~ 0.13ms
  2025-08-11 14:37:32 /favicon.svg ................................. ~ 0.03ms
  2025-08-11 14:37:33 /favicon.ico ............................... ~ 500.69ms
  2025-08-11 14:37:38 /login ....................................... ~ 0.40ms
  2025-08-11 14:37:39 /build/assets/app-B-bcC63G.css ............. ~ 513.06ms
  2025-08-11 14:37:39 /build/assets/app-oyCljiEZ.js .............. ~ 519.10ms
  2025-08-11 14:37:39 /build/assets/login-DRBtIL6x.js ............. ~ 22.83ms
  2025-08-11 14:37:39 /build/assets/label-BZbX2hcG.js ............. ~ 23.24ms
  2025-08-11 14:37:39 /build/assets/text-link-C6bE4xWh.js ......... ~ 23.53ms
  2025-08-11 14:37:39 /build/assets/use-theme-B7rg8lH5.js ......... ~ 23.88ms
  2025-08-11 14:37:39 /build/assets/auth-layout-CuGvAxKm.js ............ ~ 1s
  2025-08-11 14:37:40 /build/assets/app-B-bcC63G.css ............... ~ 2.09ms
  2025-08-11 14:37:41 /favicon.svg ................................. ~ 1.70ms
  2025-08-11 14:37:41 /build/assets/fa-solid-900-BQpGBb1f.woff2 .... ~ 2.53ms
  2025-08-11 14:37:41 /favicon.ico ................................. ~ 0.37ms
  2025-08-11 14:37:43 /theme/update ................................ ~ 0.46ms
  2025-08-11 14:37:43 /login ..................................... ~ 502.90ms
  2025-08-11 14:37:47 /login ....................................... ~ 0.13ms
  2025-08-11 14:37:48 /build/assets/app-CvGH4MUy.css ............. ~ 500.46ms
  2025-08-11 14:37:48 /build/assets/app-CH6wI-cK.js ................ ~ 1.24ms
  2025-08-11 14:37:48 /build/assets/login-DEahP1Yr.js .............. ~ 1.75ms
  2025-08-11 14:37:48 /build/assets/label-Cj8qFd35.js .............. ~ 2.32ms
  2025-08-11 14:37:48 /build/assets/text-link-DCQM78RL.js .......... ~ 2.80ms
  2025-08-11 14:37:48 /build/assets/use-theme-CK5R3yIO.js .......... ~ 3.28ms
  2025-08-11 14:37:48 /build/assets/card-YRKD9JAc.js ............. ~ 500.45ms
  2025-08-11 14:37:49 /build/assets/auth-layout-CPN-qB3K.js ........ ~ 0.67ms
  2025-08-11 14:37:49 /build/assets/app-CvGH4MUy.css ............... ~ 0.86ms
  2025-08-11 14:37:49 /favicon.svg ................................. ~ 0.57ms
  2025-08-11 14:37:49 /build/assets/fa-solid-900-BQpGBb1f.woff2 .... ~ 1.36ms
  2025-08-11 14:37:50 /favicon.ico ............................... ~ 500.50ms
  2025-08-11 14:37:56 /theme/update ................................ ~ 0.27ms
  2025-08-11 14:37:56 /login ..................................... ~ 500.41ms
  2025-08-11 14:39:30 /login ....................................... ~ 0.14ms
  2025-08-11 14:39:30 /build/assets/login-DEahP1Yr.js .............. ~ 0.22ms
  2025-08-11 14:39:30 /build/assets/app-CvGH4MUy.css ............... ~ 0.97ms
  2025-08-11 14:39:30 /build/assets/app-CH6wI-cK.js ................ ~ 1.66ms
  2025-08-11 14:39:30 /build/assets/label-Cj8qFd35.js .............. ~ 2.25ms
  2025-08-11 14:39:30 /build/assets/text-link-DCQM78RL.js .......... ~ 2.76ms
  2025-08-11 14:39:30 /build/assets/use-theme-CK5R3yIO.js .......... ~ 3.22ms
  2025-08-11 14:39:31 /build/assets/card-YRKD9JAc.js ................... ~ 2s
  2025-08-11 14:39:32 /build/assets/auth-layout-CPN-qB3K.js ............ ~ 1s
  2025-08-11 14:39:33 /build/assets/app-CvGH4MUy.css ............. ~ 501.40ms
  2025-08-11 14:39:34 /build/assets/fa-solid-900-BQpGBb1f.woff2 .... ~ 0.29ms
  2025-08-11 14:39:34 /favicon.svg ................................. ~ 0.69ms
  2025-08-11 14:39:35 /favicon.ico ............................... ~ 500.43ms
  2025-08-11 14:41:22 /register .................................... ~ 0.13ms
  2025-08-11 14:41:22 /build/assets/register-DfDdjqOt.js ........... ~ 0.12ms
  2025-08-11 14:42:10 /favicon.ico ............................... ~ 500.70ms
  2025-08-11 14:42:10 /login ........................................... ~ 3s
  2025-08-11 14:47:08 /register .................................... ~ 0.13ms
  2025-08-11 14:47:09 /build/assets/app-CvGH4MUy.css ............... ~ 0.24ms
  2025-08-11 14:47:09 /build/assets/app-CiHPhRLz.js ................ ~ 0.71ms
  2025-08-11 14:47:09 /build/assets/register-D-043zbn.js ........... ~ 1.06ms
  2025-08-11 14:47:09 /build/assets/label-C8ChJ1y_.js .............. ~ 1.35ms
  2025-08-11 14:47:09 /build/assets/text-link-lQ5NN7aP.js .......... ~ 1.69ms
  2025-08-11 14:47:09 /build/assets/use-theme-DZDL7pKZ.js .......... ~ 1.90ms
  2025-08-11 14:47:09 /build/assets/card-c1xZbGYv.js ............... ~ 0.17ms
  2025-08-11 14:47:09 /build/assets/auth-layout-DxEz-x_k.js ........ ~ 0.54ms
  2025-08-11 14:47:09 /build/assets/app-CvGH4MUy.css ............... ~ 0.71ms
  2025-08-11 14:47:10 /build/assets/fa-solid-900-BQpGBb1f.woff2 .... ~ 0.26ms
  2025-08-11 14:47:10 /favicon.svg ............................... ~ 500.90ms
  2025-08-11 14:47:10 /favicon.ico ................................. ~ 0.12ms
  2025-08-11 14:47:13 /theme/update ................................ ~ 0.19ms
  2025-08-11 14:47:13 /register .................................... ~ 0.04ms
  2025-08-11 14:47:14 /register .................................. ~ 500.50ms
  2025-08-11 14:47:15 /build/assets/app-CvGH4MUy.css ............... ~ 0.15ms
  2025-08-11 14:47:15 /build/assets/app-CiHPhRLz.js ................ ~ 1.17ms
  2025-08-11 14:47:15 /build/assets/register-D-043zbn.js ........... ~ 1.57ms
  2025-08-11 14:47:15 /build/assets/label-C8ChJ1y_.js .............. ~ 1.85ms
  2025-08-11 14:47:15 /build/assets/text-link-lQ5NN7aP.js .......... ~ 2.16ms
  2025-08-11 14:47:15 /build/assets/use-theme-DZDL7pKZ.js .......... ~ 2.36ms
  2025-08-11 14:47:16 /build/assets/card-c1xZbGYv.js ............... ~ 0.12ms
  2025-08-11 14:47:16 /build/assets/auth-layout-DxEz-x_k.js ........ ~ 0.48ms
  2025-08-11 14:47:16 /build/assets/app-CvGH4MUy.css ............... ~ 0.93ms
  2025-08-11 14:47:16 /build/assets/fa-solid-900-BQpGBb1f.woff2 .... ~ 0.14ms
  2025-08-11 14:47:17 /favicon.svg ............................... ~ 500.41ms
  2025-08-11 14:47:17 /favicon.ico ................................. ~ 0.04ms
  2025-08-11 14:47:19 /theme/update ................................ ~ 0.30ms
  2025-08-11 14:47:19 /register .................................... ~ 0.04ms
  2025-08-11 14:47:21 /register .................................... ~ 0.21ms
  2025-08-11 14:47:21 /build/assets/app-CvGH4MUy.css ............... ~ 0.18ms
  2025-08-11 14:47:21 /build/assets/app-CiHPhRLz.js ................ ~ 0.59ms
  2025-08-11 14:47:21 /build/assets/register-D-043zbn.js ........... ~ 0.96ms
  2025-08-11 14:47:21 /build/assets/label-C8ChJ1y_.js .............. ~ 1.20ms
  2025-08-11 14:47:21 /build/assets/text-link-lQ5NN7aP.js .......... ~ 1.54ms
  2025-08-11 14:47:21 /build/assets/use-theme-DZDL7pKZ.js .......... ~ 1.76ms
  2025-08-11 14:47:22 /build/assets/card-c1xZbGYv.js ............. ~ 500.78ms
  2025-08-11 14:47:22 /build/assets/auth-layout-DxEz-x_k.js ........ ~ 0.53ms
  2025-08-11 14:47:22 /build/assets/app-CvGH4MUy.css ............... ~ 0.73ms
  2025-08-11 14:47:23 /favicon.svg ................................. ~ 0.22ms
  2025-08-11 14:47:23 /build/assets/fa-solid-900-BQpGBb1f.woff2 .. ~ 501.42ms
  2025-08-11 14:47:23 /favicon.ico ................................. ~ 0.05ms
  2025-08-11 14:47:26 /login ....................................... ~ 0.15ms
  2025-08-11 14:47:26 /build/assets/login-BqrkEpCS.js .............. ~ 0.15ms
  2025-08-11 14:47:26 /build/assets/createLucideIcon-CvGwN5QB.js ... ~ 0.50ms
  2025-08-11 14:48:16 / ............................................ ~ 0.30ms
  2025-08-11 14:48:16 /login ....................................... ~ 0.14ms
  2025-08-11 14:51:00 /login ........................................... ~ 3s
  2025-08-11 14:51:36 /favicon.ico ..................................... ~ 4s
  2025-08-11 14:53:37 /login ....................................... ~ 0.62ms
  2025-08-11 14:53:38 /build/assets/app-CvGH4MUy.css ............... ~ 0.08ms
  2025-08-11 14:53:38 /build/assets/login-hBjXn2h0.js .............. ~ 0.41ms
  2025-08-11 14:53:38 /build/assets/label-CWn2L9uM.js .............. ~ 0.72ms
  2025-08-11 14:53:38 /build/assets/text-link-BjnA-yLT.js .......... ~ 0.99ms
  2025-08-11 14:53:38 /build/assets/use-theme-CVHFQ0Da.js .......... ~ 1.21ms
  2025-08-11 14:53:38 /build/assets/app-Ck5aRrcg.js ................ ~ 1.49ms
  2025-08-11 14:53:38 /build/assets/createLucideIcon-BIm7_POE.js ....... ~ 1s
  2025-08-11 14:53:39 /build/assets/card-DW5YprqX.js ................... ~ 1s
  2025-08-11 14:53:39 /build/assets/auth-layout-DzbDFDuK.js ............ ~ 1s
  2025-08-11 14:53:39 /build/assets/login-hBjXn2h0.js ............ ~ 501.97ms
  2025-08-11 14:53:39 /build/assets/label-CWn2L9uM.js ............ ~ 502.24ms
  2025-08-11 14:53:39 /build/assets/text-link-BjnA-yLT.js ........ ~ 502.49ms
  2025-08-11 14:53:39 /build/assets/use-theme-CVHFQ0Da.js .......... ~ 2.58ms
  2025-08-11 14:53:40 /build/assets/app-Ck5aRrcg.js .............. ~ 500.43ms
  2025-08-11 14:53:40 /build/assets/createLucideIcon-BIm7_POE.js . ~ 500.82ms
  2025-08-11 14:53:40 /build/assets/card-DW5YprqX.js ............. ~ 500.91ms
  2025-08-11 14:53:40 /build/assets/app-CvGH4MUy.css ............. ~ 501.20ms
  2025-08-11 14:53:40 /build/assets/auth-layout-DzbDFDuK.js ...... ~ 501.47ms
  2025-08-11 14:53:41 /build/assets/fa-solid-900-BQpGBb1f.woff2 .... ~ 0.15ms
  2025-08-11 14:53:41 /favicon.svg ................................. ~ 0.30ms
  2025-08-11 14:53:41 /favicon.ico ................................. ~ 0.13ms
  2025-08-11 14:53:44 /register .................................... ~ 1.02ms
  2025-08-11 14:53:44 /build/assets/register-YyMx5von.js ........... ~ 0.22ms
  2025-08-11 14:53:47 /login ....................................... ~ 0.13ms
  2025-08-11 14:53:48 /forgot-password ............................. ~ 0.13ms
  2025-08-11 14:53:48 /build/assets/forgot-password-CrCeUTL6.js .. ~ 500.51ms
  2025-08-11 14:53:54 /login ..................................... ~ 501.07ms
  2025-08-11 14:54:11 /register .................................. ~ 500.46ms
  2025-08-11 14:54:19 /login ..................................... ~ 500.43ms
  2025-08-11 14:54:20 /forgot-password ............................. ~ 0.13ms
  2025-08-11 14:57:40 /forgot-password ............................. ~ 0.14ms
  2025-08-11 14:57:40 /build/assets/forgot-password-Cjm_QbMy.js .... ~ 0.17ms
  2025-08-11 14:57:40 /build/assets/label-DmOV4isI.js .............. ~ 0.37ms
  2025-08-11 14:57:40 /build/assets/app-DTUrXF5O.css ............... ~ 0.73ms
  2025-08-11 14:57:40 /build/assets/text-link-BpyswlBb.js .......... ~ 1.22ms
  2025-08-11 14:57:40 /build/assets/use-theme-pAbDEJal.js .......... ~ 1.50ms
  2025-08-11 14:57:40 /build/assets/app-Sm6tDAxZ.js ................ ~ 1.75ms
  2025-08-11 14:57:40 /build/assets/card-CGO4ji1e.js ................... ~ 1s
  2025-08-11 14:57:40 /build/assets/auth-layout-BYtMsuwZ.js ............ ~ 1s
  2025-08-11 14:57:41 /build/assets/app-DTUrXF5O.css ............... ~ 0.09ms
  2025-08-11 14:57:42 /favicon.svg ............................... ~ 500.34ms
  2025-08-11 14:57:42 /build/assets/fa-solid-900-BQpGBb1f.woff2 .... ~ 0.05ms
  2025-08-11 14:57:42 /favicon.ico ................................. ~ 0.19ms
  2025-08-11 14:57:44 /login ....................................... ~ 0.13ms
  2025-08-11 14:57:44 /build/assets/login-mPzI-BYE.js .............. ~ 0.14ms
  2025-08-11 14:57:44 /build/assets/createLucideIcon-lKa3CrGk.js ... ~ 0.74ms
  2025-08-11 14:57:51 /forgot-password ............................. ~ 0.13ms
  2025-08-11 14:57:53 /login ....................................... ~ 0.14ms
  2025-08-11 14:58:03 /login ....................................... ~ 0.14ms
  2025-08-11 14:58:03 /login ....................................... ~ 0.06ms
  2025-08-11 14:58:10 /login ..................................... ~ 500.34ms
  2025-08-11 14:58:11 /dashboard ................................. ~ 500.38ms
  2025-08-11 14:58:11 /build/assets/dashboard-BRGVl5bD.js .......... ~ 0.07ms
  2025-08-11 14:58:11 /build/assets/app-layout-DyvapnlO.js ......... ~ 0.30ms
  2025-08-11 14:58:13 /dashboard ................................... ~ 0.15ms
  2025-08-11 14:58:17 /theme/update ................................ ~ 0.14ms
  2025-08-11 14:58:17 /dashboard ................................... ~ 0.05ms
  2025-08-11 14:58:18 /theme/update .............................. ~ 500.41ms
  2025-08-11 14:58:18 /dashboard ................................... ~ 0.04ms
  2025-08-11 14:58:27 /dashboard ................................... ~ 0.15ms
  2025-08-11 14:58:34 /theme/update ................................ ~ 0.13ms
  2025-08-11 14:58:34 /dashboard ................................... ~ 0.04ms
  2025-08-11 14:58:34 /theme/update ................................ ~ 0.13ms
  2025-08-11 14:58:35 /dashboard ................................... ~ 0.18ms
  2025-08-11 14:58:37 /theme/update ................................ ~ 0.13ms
  2025-08-11 14:58:37 /dashboard ................................... ~ 0.03ms
  2025-08-11 14:58:37 /theme/update ................................ ~ 0.12ms
  2025-08-11 14:58:37 /dashboard ................................. ~ 500.99ms
  2025-08-11 15:00:16 /settings/profile ............................ ~ 0.13ms
  2025-08-11 15:00:16 /build/assets/profile-BzlBkwt3.js ............ ~ 0.17ms
  2025-08-11 15:00:16 /build/assets/layout-DnNfTo-Z.js ............. ~ 0.58ms
  2025-08-11 15:00:16 /build/assets/transition-Dzi5JDOZ.js ......... ~ 1.05ms
  2025-08-11 15:00:17 /settings/password ........................... ~ 0.12ms
  2025-08-11 15:00:20 /build/assets/password-DmQs9i8d.js ........... ~ 0.13ms
  2025-08-11 15:00:21 /settings/appearance ......................... ~ 0.14ms
  2025-08-11 15:00:21 /build/assets/appearance-CGF1uGBB.js ......... ~ 0.08ms
  2025-08-11 15:00:26 /dashboard ................................... ~ 0.17ms
  2025-08-11 15:02:01 /dashboard ................................... ~ 0.23ms
  2025-08-11 15:02:01 /favicon.ico ..................................... ~ 2s
  2025-08-11 15:02:50 /dashboard ................................... ~ 0.13ms
  2025-08-11 15:02:50 /build/assets/app-CCO4AVMv.css ............... ~ 0.07ms
  2025-08-11 15:02:50 /build/assets/dashboard-Yrr-8WWB.js .......... ~ 0.43ms
  2025-08-11 15:02:50 /build/assets/theme-toggle-CV8LASwX.js ....... ~ 0.66ms
  2025-08-11 15:02:50 /build/assets/app-layout-3DPnH8Ms.js ......... ~ 0.83ms
  2025-08-11 15:02:50 /build/assets/dropdown-menu-CG0-XRSW.js ...... ~ 1.02ms
  2025-08-11 15:02:50 /build/assets/app-C0TrEV3v.js ................ ~ 1.22ms
  2025-08-11 15:02:50 /build/assets/createLucideIcon-CmMSEAZI.js ... ~ 0.13ms
  2025-08-11 15:02:50 /build/assets/app-CCO4AVMv.css ............... ~ 0.05ms
  2025-08-11 15:02:51 /build/assets/fa-solid-900-BQpGBb1f.woff2 .... ~ 0.35ms
  2025-08-11 15:02:51 /favicon.svg ................................. ~ 0.55ms
  2025-08-11 15:02:51 /favicon.ico ................................. ~ 0.04ms
  2025-08-11 15:04:20 /dashboard ................................. ~ 500.41ms
  2025-08-11 15:04:20 /build/assets/app-CCO4AVMv.css ............... ~ 0.07ms
  2025-08-11 15:04:20 /build/assets/app-C0TrEV3v.js ................ ~ 0.55ms
  2025-08-11 15:04:20 /build/assets/dashboard-Yrr-8WWB.js .......... ~ 1.05ms
  2025-08-11 15:04:20 /build/assets/theme-toggle-CV8LASwX.js ....... ~ 1.44ms
  2025-08-11 15:04:20 /build/assets/app-layout-3DPnH8Ms.js ......... ~ 2.28ms
  2025-08-11 15:04:20 /build/assets/dropdown-menu-CG0-XRSW.js ...... ~ 2.68ms
  2025-08-11 15:04:20 /build/assets/createLucideIcon-CmMSEAZI.js . ~ 500.41ms
  2025-08-11 15:04:20 /build/assets/app-CCO4AVMv.css ............... ~ 0.30ms
  2025-08-11 15:04:21 /favicon.svg ................................. ~ 0.06ms
  2025-08-11 15:04:21 /build/assets/fa-solid-900-BQpGBb1f.woff2 .... ~ 0.99ms
  2025-08-11 15:04:21 /favicon.ico ............................... ~ 500.32ms
  2025-08-11 15:04:24 /build/assets/app-CCO4AVMv.css ............... ~ 0.14ms
  2025-08-11 15:04:24 /.well-known/appspecific/com.chrome.devtools.json  ~ 0.52ms
  2025-08-11 15:04:24 /build/assets/app-CCO4AVMv.css ............... ~ 0.43ms
  2025-08-11 15:08:04 /dashboard ................................... ~ 0.15ms
  2025-08-11 15:08:04 /build/assets/dashboard-D1YBeyQM.js ........ ~ 500.38ms
  2025-08-11 15:08:04 /build/assets/app-DE2WfZp_.css ............. ~ 500.65ms
  2025-08-11 15:08:04 /build/assets/app-layout-B1i0UB4H.js ....... ~ 501.20ms
  2025-08-11 15:08:04 /build/assets/app-Dl4j_wrL.js .............. ~ 501.40ms
  2025-08-11 15:08:04 /build/assets/theme-toggle-GpmWd0um.js ..... ~ 501.69ms
  2025-08-11 15:08:04 /build/assets/createLucideIcon-Csp2JLYe.js . ~ 501.84ms
  2025-08-11 15:08:04 /.well-known/appspecific/com.chrome.devtools.json  ~ 0.03ms
  2025-08-11 15:08:05 /build/assets/app-DE2WfZp_.css ............... ~ 0.03ms
  2025-08-11 15:08:05 /build/assets/fa-solid-900-BQpGBb1f.woff2 .... ~ 0.13ms
  2025-08-11 15:08:05 /favicon.svg ................................. ~ 0.03ms
  2025-08-11 15:08:05 /favicon.ico ............................... ~ 500.46ms
  2025-08-11 15:08:43 /settings/profile ............................ ~ 0.13ms
  2025-08-11 15:08:43 /build/assets/profile-DJ_KTcVZ.js ............ ~ 0.06ms
  2025-08-11 15:08:43 /build/assets/label-S_LRHMnV.js .............. ~ 0.34ms
  2025-08-11 15:08:43 /build/assets/layout-BiQhACl-.js ............. ~ 0.69ms
  2025-08-11 15:08:43 /build/assets/transition-CJqMo5hy.js ......... ~ 0.97ms
  2025-08-11 15:08:49 /settings/appearance ......................... ~ 0.13ms
  2025-08-11 15:08:49 /settings/appearance ....................... ~ 500.36ms
  2025-08-11 15:08:49 /build/assets/appearance-CppWSCZv.js ....... ~ 500.91ms
  2025-08-11 15:08:53 /settings/password ........................... ~ 0.12ms
  2025-08-11 15:08:53 /settings/password ........................... ~ 0.05ms
  2025-08-11 15:08:53 /build/assets/password-CogjZqF8.js ........... ~ 0.59ms
  2025-08-11 15:08:54 /settings/profile ............................ ~ 0.15ms
  2025-08-11 15:08:55 /settings/profile ............................ ~ 0.04ms
  2025-08-11 15:08:56 /dashboard ................................. ~ 500.38ms
  2025-08-11 15:08:56 /dashboard ................................... ~ 0.04ms
  2025-08-11 15:09:16 /build/assets/app-DE2WfZp_.css ............... ~ 0.15ms
  2025-08-11 15:09:16 /.well-known/appspecific/com.chrome.devtools.json  ~ 500.90ms
  2025-08-11 15:09:30 /dashboard ................................... ~ 0.13ms
  2025-08-11 15:09:40 /dashboard ................................... ~ 0.13ms
  2025-08-11 15:11:21 /dashboard ................................... ~ 0.12ms
  2025-08-11 15:11:22 /build/assets/dashboard-CUMKhQuu.js .......... ~ 0.18ms
  2025-08-11 15:11:22 /build/assets/app-DE2WfZp_.css ............... ~ 0.50ms
  2025-08-11 15:11:22 /build/assets/app-layout-febcQNgL.js ......... ~ 0.81ms
  2025-08-11 15:11:22 /build/assets/app-C2ggMSpT.js ................ ~ 1.05ms
  2025-08-11 15:11:22 /build/assets/theme-toggle-CQqD7t95.js ....... ~ 1.81ms
  2025-08-11 15:11:22 /build/assets/createLucideIcon-DgdAuGHI.js ... ~ 2.02ms
  2025-08-11 15:11:22 /.well-known/appspecific/com.chrome.devtools.json  ~ 1s
  2025-08-11 15:11:23 /build/assets/app-DE2WfZp_.css ............... ~ 0.41ms
  2025-08-11 15:11:24 /favicon.svg ................................. ~ 0.15ms
  2025-08-11 15:11:24 /build/assets/app-layout-febcQNgL.js ......... ~ 2.32ms
  2025-08-11 15:11:24 /build/assets/app-C2ggMSpT.js ................ ~ 2.62ms
  2025-08-11 15:11:24 /build/assets/theme-toggle-CQqD7t95.js ....... ~ 0.76ms
  2025-08-11 15:11:24 /build/assets/createLucideIcon-DgdAuGHI.js ... ~ 0.97ms
  2025-08-11 15:11:24 /favicon.ico ............................... ~ 500.35ms
  2025-08-11 15:11:25 /build/assets/fa-solid-900-BQpGBb1f.woff2 .... ~ 0.14ms
  2025-08-11 15:23:47 / ............................................ ~ 0.17ms
  2025-08-11 15:25:53 /dashboard ................................... ~ 0.13ms
  2025-08-11 15:25:53 /build/assets/app-DE2WfZp_.css ............... ~ 0.08ms
  2025-08-11 15:25:53 /build/assets/app-Bg4az_NH.js ................ ~ 0.40ms
  2025-08-11 15:25:53 /build/assets/dashboard-eUOqatXK.js .......... ~ 0.73ms
  2025-08-11 15:25:53 /build/assets/app-layout-CCzRLS2I.js ......... ~ 0.97ms
  2025-08-11 15:25:53 /build/assets/theme-toggle-DMy6xjBP.js ....... ~ 1.88ms
  2025-08-11 15:25:53 /build/assets/createLucideIcon-C2W_7vr4.js ... ~ 2.05ms
  2025-08-11 15:25:54 /build/assets/app-DE2WfZp_.css ............... ~ 0.12ms
  2025-08-11 15:25:54 /build/assets/fa-solid-900-BQpGBb1f.woff2 .. ~ 500.42ms
  2025-08-11 15:25:54 /favicon.svg ............................... ~ 501.02ms
  2025-08-11 15:25:54 /favicon.ico ................................. ~ 0.04ms
  2025-08-11 15:26:15 /logout .................................... ~ 500.38ms
  2025-08-11 15:26:16 / ............................................ ~ 0.04ms
  2025-08-11 15:26:16 /login ....................................... ~ 0.03ms
  2025-08-11 15:26:16 /build/assets/login-KTBbxslA.js .............. ~ 0.16ms
  2025-08-11 15:26:16 /build/assets/label-DbI1oedz.js .............. ~ 0.51ms
  2025-08-11 15:26:16 /build/assets/text-link-BNcn9t7l.js .......... ~ 0.82ms
  2025-08-11 15:26:16 /build/assets/card-DjBASTiW.js ............... ~ 1.02ms
  2025-08-11 15:26:16 /build/assets/auth-layout-BdbB_7Vv.js ........ ~ 1.78ms
  20.106.56.201:34602 Invalid request (Unexpected EOF)
  2025-08-11 15:37:55 ................................................. ~ 10s
